<?xml version="1.0" encoding="UTF-8"?>
<testng-results skipped="0" failed="1" ignored="0" total="3" passed="2">
  <reporter-output>
  </reporter-output>
  <suite name="Default suite" duration-ms="29632" started-at="2019-08-09T14:20:42Z" finished-at="2019-08-09T14:21:11Z">
    <groups>
    </groups>
    <test name="Default test" duration-ms="29632" started-at="2019-08-09T14:20:42Z" finished-at="2019-08-09T14:21:11Z">
      <class name="log4jtest.log4jcheck">
        <test-method status="PASS" signature="setup()[pri:0, instance:log4jtest.log4jcheck@31dc339b]" name="setup" is-config="true" duration-ms="9606" started-at="2019-08-09T14:20:42Z" finished-at="2019-08-09T14:20:51Z">
          <reporter-output>
          </reporter-output>
        </test-method> <!-- setup -->
        <test-method status="PASS" signature="titlechecktest()[pri:0, instance:log4jtest.log4jcheck@31dc339b]" name="titlechecktest" duration-ms="34" started-at="2019-08-09T14:20:51Z" finished-at="2019-08-09T14:20:51Z">
          <reporter-output>
          </reporter-output>
        </test-method> <!-- titlechecktest -->
        <test-method status="PASS" signature="teardown()[pri:0, instance:log4jtest.log4jcheck@31dc339b]" name="teardown" is-config="true" duration-ms="677" started-at="2019-08-09T14:20:51Z" finished-at="2019-08-09T14:20:52Z">
          <reporter-output>
          </reporter-output>
        </test-method> <!-- teardown -->
        <test-method status="PASS" signature="setup()[pri:0, instance:log4jtest.log4jcheck@31dc339b]" name="setup" is-config="true" duration-ms="8721" started-at="2019-08-09T14:20:52Z" finished-at="2019-08-09T14:21:01Z">
          <reporter-output>
          </reporter-output>
        </test-method> <!-- setup -->
        <test-method status="PASS" signature="titlechecktest2()[pri:0, instance:log4jtest.log4jcheck@31dc339b]" name="titlechecktest2" duration-ms="23" started-at="2019-08-09T14:21:01Z" finished-at="2019-08-09T14:21:01Z">
          <reporter-output>
          </reporter-output>
        </test-method> <!-- titlechecktest2 -->
        <test-method status="PASS" signature="teardown()[pri:0, instance:log4jtest.log4jcheck@31dc339b]" name="teardown" is-config="true" duration-ms="763" started-at="2019-08-09T14:21:01Z" finished-at="2019-08-09T14:21:02Z">
          <reporter-output>
          </reporter-output>
        </test-method> <!-- teardown -->
        <test-method status="PASS" signature="setup()[pri:0, instance:log4jtest.log4jcheck@31dc339b]" name="setup" is-config="true" duration-ms="9019" started-at="2019-08-09T14:21:02Z" finished-at="2019-08-09T14:21:11Z">
          <reporter-output>
          </reporter-output>
        </test-method> <!-- setup -->
        <test-method status="FAIL" signature="titlechecktest3()[pri:0, instance:log4jtest.log4jcheck@31dc339b]" name="titlechecktest3" duration-ms="18" started-at="2019-08-09T14:21:11Z" finished-at="2019-08-09T14:21:11Z">
          <exception class="java.lang.AssertionError">
            <message>
              <![CDATA[The following asserts failed:
title page mismatch expected [Facebook – log in or sign uphfdg] but found [Facebook – log in or sign up]]]>
            </message>
            <full-stacktrace>
              <![CDATA[java.lang.AssertionError: The following asserts failed:
title page mismatch expected [Facebook – log in or sign uphfdg] but found [Facebook – log in or sign up]
at org.testng.asserts.SoftAssert.assertAll(SoftAssert.java:43)
at log4jtest.log4jcheck.titlechecktest3(log4jcheck.java:69)
at sun.reflect.NativeMethodAccessorImpl.invoke0(Native Method)
at sun.reflect.NativeMethodAccessorImpl.invoke(NativeMethodAccessorImpl.java:62)
at sun.reflect.DelegatingMethodAccessorImpl.invoke(DelegatingMethodAccessorImpl.java:43)
at java.lang.reflect.Method.invoke(Method.java:498)
at org.testng.internal.MethodInvocationHelper.invokeMethod(MethodInvocationHelper.java:124)
at org.testng.internal.Invoker.invokeMethod(Invoker.java:583)
at org.testng.internal.Invoker.invokeTestMethod(Invoker.java:719)
at org.testng.internal.Invoker.invokeTestMethods(Invoker.java:989)
at org.testng.internal.TestMethodWorker.invokeTestMethods(TestMethodWorker.java:125)
at org.testng.internal.TestMethodWorker.run(TestMethodWorker.java:109)
at org.testng.TestRunner.privateRun(TestRunner.java:648)
at org.testng.TestRunner.run(TestRunner.java:505)
at org.testng.SuiteRunner.runTest(SuiteRunner.java:455)
at org.testng.SuiteRunner.runSequentially(SuiteRunner.java:450)
at org.testng.SuiteRunner.privateRun(SuiteRunner.java:415)
at org.testng.SuiteRunner.run(SuiteRunner.java:364)
at org.testng.SuiteRunnerWorker.runSuite(SuiteRunnerWorker.java:52)
at org.testng.SuiteRunnerWorker.run(SuiteRunnerWorker.java:84)
at org.testng.TestNG.runSuitesSequentially(TestNG.java:1208)
at org.testng.TestNG.runSuitesLocally(TestNG.java:1137)
at org.testng.TestNG.runSuites(TestNG.java:1049)
at org.testng.TestNG.run(TestNG.java:1017)
at org.testng.remote.AbstractRemoteTestNG.run(AbstractRemoteTestNG.java:115)
at org.testng.remote.RemoteTestNG.initAndRun(RemoteTestNG.java:251)
at org.testng.remote.RemoteTestNG.main(RemoteTestNG.java:77)
]]>
            </full-stacktrace>
          </exception> <!-- java.lang.AssertionError -->
          <reporter-output>
          </reporter-output>
        </test-method> <!-- titlechecktest3 -->
        <test-method status="PASS" signature="teardown()[pri:0, instance:log4jtest.log4jcheck@31dc339b]" name="teardown" is-config="true" duration-ms="724" started-at="2019-08-09T14:21:11Z" finished-at="2019-08-09T14:21:11Z">
          <reporter-output>
          </reporter-output>
        </test-method> <!-- teardown -->
      </class> <!-- log4jtest.log4jcheck -->
    </test> <!-- Default test -->
  </suite> <!-- Default suite -->
</testng-results>
